<?xml version="1.0" encoding="UTF-8"?>
<testng-results skipped="0" failed="0" total="1" passed="1">
  <reporter-output>
  </reporter-output>
  <suite name="Suite" duration-ms="14130" started-at="2022-12-24T06:36:39Z" finished-at="2022-12-24T06:36:53Z">
    <groups>
    </groups>
    <test name="Test" duration-ms="14130" started-at="2022-12-24T06:36:39Z" finished-at="2022-12-24T06:36:53Z">
      <class name="DemoMaven.MavenDemo.AppTest">
        <test-method status="PASS" signature="test()[pri:0, instance:DemoMaven.MavenDemo.AppTest@6615435c]" name="test" duration-ms="14040" started-at="2022-12-24T12:06:39Z" finished-at="2022-12-24T12:06:53Z">
          <reporter-output>
          </reporter-output>
        </test-method> <!-- test -->
      </class> <!-- DemoMaven.MavenDemo.AppTest -->
    </test> <!-- Test -->
  </suite> <!-- Suite -->
</testng-results>
